2022-05-16 23:52:29.497350T- Config Used: 
C: 5 
eval: HPDIFF 
sim_limit: 500 
num_simulations: 3 
action_set: ALL_QUICK_ACTIONS 
opponent_ai: BCP 
maxHP: 400 
rounds: 5

2022-05-16 23:52:29.497350T- Round 1
2022-05-16 23:52:29.497350T- 
MyHPLost: 308
OppHPLost: 264
HPGap: -44
RoundLength: 59750
RoundWon: False
AvgFramesForAction: 14.268924302788845
        
2022-05-16 23:52:29.497350T- Round 2
2022-05-16 23:52:29.497350T- 
MyHPLost: 220
OppHPLost: 331
HPGap: 111
RoundLength: 59750
RoundWon: False
AvgFramesForAction: 7.073122529644269
        
2022-05-16 23:52:29.497350T- Round 3
2022-05-16 23:52:29.497350T- 
MyHPLost: 349
OppHPLost: 277
HPGap: -72
RoundLength: 59683
RoundWon: False
AvgFramesForAction: 7.125748502994012
        
2022-05-16 23:52:29.497350T- Average:

2022-05-16 23:52:29.497350T- 
MyHPLost: 319.25
OppHPLost: 318.0
HPGap: -1.25
RoundLength: 44795.75
RoundWon: 0.0
AvgFramesForAction: 0
        
