2022-05-16 23:12:13.603514T- Config Used: 
C: 2 
eval: HPDIFF 
sim_limit: 500 
num_simulations: 3 
action_set: ALL_QUICK_ACTIONS 
opponent_ai: Toothless 
maxHP: 400 
rounds: 5

2022-05-16 23:12:13.603514T- Round 1
2022-05-16 23:12:13.603514T- 
MyHPLost: 393
OppHPLost: 95
HPGap: -298
RoundLength: 50400
RoundWon: False
AvgFramesForAction: 15.255050505050505
        
2022-05-16 23:12:13.603514T- Round 2
2022-05-16 23:12:13.603514T- 
MyHPLost: 398
OppHPLost: 73
HPGap: -325
RoundLength: 45183
RoundWon: False
AvgFramesForAction: 6.825714285714286
        
2022-05-16 23:12:13.603514T- Round 3
2022-05-16 23:12:13.605344T- 
MyHPLost: 394
OppHPLost: 71
HPGap: -323
RoundLength: 42966
RoundWon: False
AvgFramesForAction: 7.161764705882353
        
2022-05-16 23:12:13.605344T- Average:

2022-05-16 23:12:13.605344T- 
MyHPLost: 396.25
OppHPLost: 159.75
HPGap: -236.5
RoundLength: 34637.25
RoundWon: 0.0
AvgFramesForAction: 0
        
2022-05-16 23:15:19.499078T- Config Used: 
C: 3 
eval: HPDIFF 
sim_limit: 500 
num_simulations: 3 
action_set: ALL_QUICK_ACTIONS 
opponent_ai: Toothless 
maxHP: 400 
rounds: 5

2022-05-16 23:15:19.499078T- Round 1
2022-05-16 23:15:19.499078T- 
MyHPLost: 342
OppHPLost: 121
HPGap: -221
RoundLength: 59650
RoundWon: False
AvgFramesForAction: 15.178343949044587
        
2022-05-16 23:15:19.499078T- Round 2
2022-05-16 23:15:19.499078T- 
MyHPLost: 316
OppHPLost: 222
HPGap: -94
RoundLength: 59733
RoundWon: False
AvgFramesForAction: 7.668094218415417
        
2022-05-16 23:15:19.499078T- Round 3
2022-05-16 23:15:19.499078T- 
MyHPLost: 388
OppHPLost: 76
HPGap: -312
RoundLength: 53283
RoundWon: False
AvgFramesForAction: 6.671428571428572
        
2022-05-16 23:15:19.499078T- Average:

2022-05-16 23:15:19.499078T- 
MyHPLost: 361.5
OppHPLost: 204.75
HPGap: -156.75
RoundLength: 43166.5
RoundWon: 0.0
AvgFramesForAction: 0
        
2022-05-16 23:18:33.127205T- Config Used: 
C: 4 
eval: HPDIFF 
sim_limit: 500 
num_simulations: 3 
action_set: ALL_QUICK_ACTIONS 
opponent_ai: Toothless 
maxHP: 400 
rounds: 5

2022-05-16 23:18:33.127205T- Round 1
2022-05-16 23:18:33.127205T- 
MyHPLost: 342
OppHPLost: 221
HPGap: -121
RoundLength: 59683
RoundWon: False
AvgFramesForAction: 14.846473029045644
        
2022-05-16 23:18:33.127205T- Round 2
2022-05-16 23:18:33.127205T- 
MyHPLost: 304
OppHPLost: 136
HPGap: -168
RoundLength: 59683
RoundWon: False
AvgFramesForAction: 7.205645161290323
        
2022-05-16 23:18:33.127205T- Round 3
2022-05-16 23:18:33.127205T- 
MyHPLost: 330
OppHPLost: 140
HPGap: -190
RoundLength: 59750
RoundWon: False
AvgFramesForAction: 7.400826446280992
        
2022-05-16 23:18:33.127205T- Average:

2022-05-16 23:18:33.127205T- 
MyHPLost: 344.0
OppHPLost: 224.25
HPGap: -119.75
RoundLength: 44779.0
RoundWon: 0.0
AvgFramesForAction: 0
        
