2022-05-16 23:07:33.040585T- Config Used: 
C: 1.4 
eval: HPDIFF 
sim_limit: 500 
num_simulations: 3 
action_set: ALL_QUICK_ACTIONS 
opponent_ai: Toothless 
maxHP: 400 
rounds: 1

2022-05-16 23:07:33.040585T- Round 1
2022-05-16 23:07:33.040585T- 
MyHPLost: 400
OppHPLost: 400
HPGap: 0
RoundLength: 0
RoundWon: False
        
2022-05-16 23:07:33.040585T- Average:

2022-05-16 23:07:33.040585T- 
MyHPLost: 400.0
OppHPLost: 400.0
HPGap: 0.0
RoundLength: 0.0
RoundWon: 0.0
        
2022-05-16 23:07:33.041584T- Round 2
2022-05-16 23:07:33.041584T- 
MyHPLost: 400
OppHPLost: 400
HPGap: 0
RoundLength: 0
RoundWon: False
        
2022-05-16 23:07:33.041584T- Average:

2022-05-16 23:07:33.041584T- 
MyHPLost: 400.0
OppHPLost: 400.0
HPGap: 0.0
RoundLength: 0.0
RoundWon: 0.0
        
2022-05-16 23:07:33.041584T- Round 3
2022-05-16 23:07:33.041584T- 
MyHPLost: 400
OppHPLost: 400
HPGap: 0
RoundLength: 0
RoundWon: False
        
2022-05-16 23:07:33.041584T- Average:

2022-05-16 23:07:33.041584T- 
MyHPLost: 400.0
OppHPLost: 400.0
HPGap: 0.0
RoundLength: 0.0
RoundWon: 0.0
        
2022-05-16 23:07:33.041584T- Round 4
2022-05-16 23:07:33.041584T- 
MyHPLost: 400
OppHPLost: 400
HPGap: 0
RoundLength: 0
RoundWon: False
        
2022-05-16 23:07:33.041584T- Average:

2022-05-16 23:07:33.041584T- 
MyHPLost: 400.0
OppHPLost: 400.0
HPGap: 0.0
RoundLength: 0.0
RoundWon: 0.0
        
