2022-05-16 23:07:43.934010T- Config Used: 
C: 1.4 
eval: HPDIFF 
sim_limit: 500 
num_simulations: 3 
action_set: ALL_QUICK_ACTIONS 
opponent_ai: Toothless 
maxHP: 400 
rounds: 1

2022-05-16 23:07:43.935008T- Round 1
2022-05-16 23:07:43.935008T- 
MyHPLost: 400
OppHPLost: 400
HPGap: 0
RoundLength: 0
RoundWon: False
AvgFramesForAction: 0
        
2022-05-16 23:07:43.935008T- Average:

2022-05-16 23:07:43.935008T- 
MyHPLost: 400.0
OppHPLost: 400.0
HPGap: 0.0
RoundLength: 0.0
RoundWon: 0.0
AvgFramesForAction: 0
        
2022-05-16 23:07:43.935008T- Round 2
2022-05-16 23:07:43.936009T- 
MyHPLost: 400
OppHPLost: 400
HPGap: 0
RoundLength: 0
RoundWon: False
AvgFramesForAction: 0
        
2022-05-16 23:07:43.937009T- Average:

2022-05-16 23:07:43.938011T- 
MyHPLost: 400.0
OppHPLost: 400.0
HPGap: 0.0
RoundLength: 0.0
RoundWon: 0.0
AvgFramesForAction: 0
        
2022-05-16 23:07:43.942009T- Round 3
2022-05-16 23:07:43.943009T- 
MyHPLost: 400
OppHPLost: 400
HPGap: 0
RoundLength: 0
RoundWon: False
AvgFramesForAction: 0
        
2022-05-16 23:07:43.944011T- Average:

2022-05-16 23:07:43.946009T- 
MyHPLost: 400.0
OppHPLost: 400.0
HPGap: 0.0
RoundLength: 0.0
RoundWon: 0.0
AvgFramesForAction: 0
        
2022-05-16 23:07:43.947009T- Round 4
2022-05-16 23:07:43.948013T- 
MyHPLost: 400
OppHPLost: 400
HPGap: 0
RoundLength: 0
RoundWon: False
AvgFramesForAction: 0
        
2022-05-16 23:07:43.952011T- Average:

2022-05-16 23:07:43.952011T- 
MyHPLost: 400.0
OppHPLost: 400.0
HPGap: 0.0
RoundLength: 0.0
RoundWon: 0.0
AvgFramesForAction: 0
        
