
DASH,AIR_FB,AIR_A,AIR_DA,DASH,AIR_F_D_DFB,STAND_F_D_DFA,STAND_F_D_DFB,AIR_FB,AIR_UB
AIR_UA,FOR_JUMP,JUMP,BACK_JUMP,AIR_D_DB_BA,STAND_D_DF_FB,AIR_D_DF_FA,CROUCH,AIR_DA,STAND_D_DF_FC
STAND_D_DF_FC,AIR_F_D_DFB,AIR_UA,AIR_GUARD,CROUCH_FB,AIR_A,FORWARD_WALK,STAND_D_DB_BB,CROUCH_A,AIR_D_DF_FA
JUMP,BACK_JUMP,AIR_FB,CROUCH_FB,AIR_FB,AIR_GUARD,AIR_A,BACK_STEP,AIR_DB,AIR_DA
AIR_F_D_DFB,CROUCH,AIR_GUARD,CROUCH,STAND_B,AIR_FB,THROW_B,CROUCH,AIR_F_D_DFB,CROUCH
AIR_D_DF_FB,AIR_UA,BACK_JUMP,AIR_F_D_DFA,AIR_FA,DASH,AIR_DB,AIR_DA,STAND_D_DF_FB,AIR_DA
AIR_FB,BACK_JUMP,AIR_FB,THROW_B,BACK_STEP,AIR_F_D_DFB,AIR_F_D_DFA,CROUCH_FB,STAND_D_DF_FC,STAND_D_DF_FC
CROUCH,CROUCH_A,STAND_FA,CROUCH,AIR_D_DF_FA,AIR_UA,AIR_DB,AIR_UA,FORWARD_WALK,BACK_STEP
STAND_FA,BACK_STEP,CROUCH,CROUCH_A,STAND_B,STAND_GUARD,AIR_FA,AIR_D_DF_FA,AIR_D_DB_BA,AIR_F_D_DFB
CROUCH,AIR_DA,BACK_JUMP,AIR_UA,AIR_F_D_DFB,CROUCH,STAND_FB,STAND_D_DF_FB,CROUCH,AIR_UA
CROUCH,AIR_F_D_DFB,STAND_D_DF_FC,STAND_F_D_DFB,BACK_JUMP,STAND_D_DF_FB,FORWARD_WALK,AIR_D_DB_BA,AIR_FA,BACK_JUMP
STAND_D_DB_BB,STAND_GUARD,STAND_GUARD,AIR_D_DB_BB,CROUCH,AIR_D_DB_BA,AIR_UA,CROUCH_FB,CROUCH_FB,JUMP
AIR_D_DB_BB,AIR_D_DF_FA,CROUCH,STAND_FA,DASH,JUMP,AIR_A,AIR_F_D_DFB,STAND_A,AIR_FB
AIR_UA,CROUCH,AIR_F_D_DFB,DASH,STAND_D_DF_FB,FORWARD_WALK,AIR_DA,AIR_D_DB_BB,AIR_F_D_DFA,CROUCH_B
AIR_FB,AIR_FA,STAND_D_DB_BB,STAND_GUARD,AIR_D_DF_FA,AIR_GUARD,AIR_FB,STAND_D_DF_FC,AIR_GUARD,BACK_STEP
AIR_F_D_DFA,AIR_F_D_DFB,CROUCH_FB,CROUCH,FORWARD_WALK,AIR_UA,AIR_UA,AIR_GUARD,BACK_JUMP,AIR_DB
AIR_DA,AIR_D_DF_FA,CROUCH,AIR_UA,AIR_D_DB_BB,AIR_F_D_DFA,AIR_D_DB_BA,STAND_B,FORWARD_WALK,AIR_DB
STAND_GUARD,STAND_A,CROUCH,STAND_FB,CROUCH_FB,AIR_D_DB_BA,STAND_D_DB_BB,AIR_GUARD,CROUCH,STAND_D_DF_FB
AIR_D_DB_BA,STAND_D_DB_BB,AIR_A,STAND_B,AIR_F_D_DFA,STAND_FB,CROUCH_A,AIR_F_D_DFB,FORWARD_WALK,AIR_F_D_DFB
STAND_FA,AIR_GUARD,AIR_UB,AIR_FB,BACK_JUMP,CROUCH_FB,AIR_FB,AIR_D_DF_FA,STAND_D_DF_FC,DASH


2022-05-16 21:02:13.621417T- Running simulations for Generation 0
2022-05-16 21:02:13.621417T- Population of Gen 0
2022-05-16 21:02:13.622417T- 
ID: ce786a31-00e2-4e46-8aff-85130a6513fa actions: DASH,AIR_FB,AIR_A,AIR_DA,DASH,AIR_F_D_DFB,STAND_F_D_DFA,STAND_F_D_DFB,AIR_FB,AIR_UB
ID: ae36e62c-a67f-4c25-b670-bab0a4240984 actions: AIR_UA,FOR_JUMP,JUMP,BACK_JUMP,AIR_D_DB_BA,STAND_D_DF_FB,AIR_D_DF_FA,CROUCH,AIR_DA,STAND_D_DF_FC
ID: d0323899-c442-4341-8f2a-ef0c8f0a4d9e actions: STAND_D_DF_FC,AIR_F_D_DFB,AIR_UA,AIR_GUARD,CROUCH_FB,AIR_A,FORWARD_WALK,STAND_D_DB_BB,CROUCH_A,AIR_D_DF_FA
ID: 9054ab7f-954f-403a-aceb-b5097d0b3e90 actions: JUMP,BACK_JUMP,AIR_FB,CROUCH_FB,AIR_FB,AIR_GUARD,AIR_A,BACK_STEP,AIR_DB,AIR_DA
ID: 0c48668b-dffb-4337-aa37-cc5738b7ccd2 actions: AIR_F_D_DFB,CROUCH,AIR_GUARD,CROUCH,STAND_B,AIR_FB,THROW_B,CROUCH,AIR_F_D_DFB,CROUCH
ID: 6db6fd69-37c8-4e2f-aca5-cf172f7e6c6f actions: AIR_D_DF_FB,AIR_UA,BACK_JUMP,AIR_F_D_DFA,AIR_FA,DASH,AIR_DB,AIR_DA,STAND_D_DF_FB,AIR_DA
ID: 9171c3de-1fdf-4ac4-bd24-30a25d7f0b20 actions: AIR_FB,BACK_JUMP,AIR_FB,THROW_B,BACK_STEP,AIR_F_D_DFB,AIR_F_D_DFA,CROUCH_FB,STAND_D_DF_FC,STAND_D_DF_FC
ID: ec100bae-ab55-403b-80bd-c5535687c2e6 actions: CROUCH,CROUCH_A,STAND_FA,CROUCH,AIR_D_DF_FA,AIR_UA,AIR_DB,AIR_UA,FORWARD_WALK,BACK_STEP
ID: 771fcaf6-dc65-453b-bfc3-766d4f3b5854 actions: STAND_FA,BACK_STEP,CROUCH,CROUCH_A,STAND_B,STAND_GUARD,AIR_FA,AIR_D_DF_FA,AIR_D_DB_BA,AIR_F_D_DFB
ID: fc90f278-b13f-445d-a7b8-7d884b1dccc7 actions: CROUCH,AIR_DA,BACK_JUMP,AIR_UA,AIR_F_D_DFB,CROUCH,STAND_FB,STAND_D_DF_FB,CROUCH,AIR_UA
ID: e85be967-965d-403b-a020-b1729b2ebe01 actions: CROUCH,AIR_F_D_DFB,STAND_D_DF_FC,STAND_F_D_DFB,BACK_JUMP,STAND_D_DF_FB,FORWARD_WALK,AIR_D_DB_BA,AIR_FA,BACK_JUMP
ID: 5fff7bd5-325d-415b-a984-0cba3f83ccd5 actions: STAND_D_DB_BB,STAND_GUARD,STAND_GUARD,AIR_D_DB_BB,CROUCH,AIR_D_DB_BA,AIR_UA,CROUCH_FB,CROUCH_FB,JUMP
ID: 8cf5058a-58c8-4b07-967a-6f8526302441 actions: AIR_D_DB_BB,AIR_D_DF_FA,CROUCH,STAND_FA,DASH,JUMP,AIR_A,AIR_F_D_DFB,STAND_A,AIR_FB
ID: a22f7037-ef8c-4d7d-a9e0-b614971da46a actions: AIR_UA,CROUCH,AIR_F_D_DFB,DASH,STAND_D_DF_FB,FORWARD_WALK,AIR_DA,AIR_D_DB_BB,AIR_F_D_DFA,CROUCH_B
ID: 84e1b293-c391-41f4-95ea-513573275dd4 actions: AIR_FB,AIR_FA,STAND_D_DB_BB,STAND_GUARD,AIR_D_DF_FA,AIR_GUARD,AIR_FB,STAND_D_DF_FC,AIR_GUARD,BACK_STEP
ID: 685aed27-e62c-4fec-802d-081f5a60c58d actions: AIR_F_D_DFA,AIR_F_D_DFB,CROUCH_FB,CROUCH,FORWARD_WALK,AIR_UA,AIR_UA,AIR_GUARD,BACK_JUMP,AIR_DB
ID: 89f4b7c8-9f04-42dc-80d6-1a7d012da535 actions: AIR_DA,AIR_D_DF_FA,CROUCH,AIR_UA,AIR_D_DB_BB,AIR_F_D_DFA,AIR_D_DB_BA,STAND_B,FORWARD_WALK,AIR_DB
ID: 0d310d8d-3222-4049-b2ae-1dc9adddffd6 actions: STAND_GUARD,STAND_A,CROUCH,STAND_FB,CROUCH_FB,AIR_D_DB_BA,STAND_D_DB_BB,AIR_GUARD,CROUCH,STAND_D_DF_FB
ID: 508b75f3-65db-4f48-a9dd-062a90940744 actions: AIR_D_DB_BA,STAND_D_DB_BB,AIR_A,STAND_B,AIR_F_D_DFA,STAND_FB,CROUCH_A,AIR_F_D_DFB,FORWARD_WALK,AIR_F_D_DFB
ID: 783f8bd2-a2f2-49eb-9c06-936e59f0fbd9 actions: STAND_FA,AIR_GUARD,AIR_UB,AIR_FB,BACK_JUMP,CROUCH_FB,AIR_FB,AIR_D_DF_FA,STAND_D_DF_FC,DASH

2022-05-16 21:02:13.623416T- Simulating for ce786a31-00e2-4e46-8aff-85130a6513fa
2022-05-16 21:03:34.191084T- Config Used: 
C: 1.4 
eval: HPDIFF 
sim_limit: 500 
num_simulations: 3 
action_set: ce786a31-00e2-4e46-8aff-85130a6513fa 
opponent_ai: Toothless 
maxHP: 400 
rounds: 1

2022-05-16 21:03:34.191084T- Round 1
2022-05-16 21:03:34.191084T- 
MyHPLost: 386
OppHPLost: 373
HPGap: -13
RoundLength: 59683
RoundWon: False
AvgFramesForAction: 8.157175398633257
        
2022-05-16 21:03:34.191084T- Simulating for ae36e62c-a67f-4c25-b670-bab0a4240984
2022-05-16 21:04:43.102457T- Config Used: 
C: 1.4 
eval: HPDIFF 
sim_limit: 500 
num_simulations: 3 
action_set: ae36e62c-a67f-4c25-b670-bab0a4240984 
opponent_ai: Toothless 
maxHP: 400 
rounds: 1

2022-05-16 21:04:43.102457T- Round 1
2022-05-16 21:04:43.102457T- 
MyHPLost: 287
OppHPLost: 61
HPGap: -226
RoundLength: 59700
RoundWon: False
AvgFramesForAction: 7.924778761061947
        
2022-05-16 21:04:43.102457T- Simulating for d0323899-c442-4341-8f2a-ef0c8f0a4d9e
2022-05-16 21:05:50.092422T- Config Used: 
C: 1.4 
eval: HPDIFF 
sim_limit: 500 
num_simulations: 3 
action_set: d0323899-c442-4341-8f2a-ef0c8f0a4d9e 
opponent_ai: Toothless 
maxHP: 400 
rounds: 1

2022-05-16 21:05:50.092422T- Round 1
2022-05-16 21:05:50.092422T- 
MyHPLost: 390
OppHPLost: 168
HPGap: -222
RoundLength: 58533
RoundWon: False
AvgFramesForAction: 7.752759381898454
        
2022-05-16 21:05:50.092422T- Simulating for 9054ab7f-954f-403a-aceb-b5097d0b3e90
2022-05-16 21:06:59.347141T- Config Used: 
C: 1.4 
eval: HPDIFF 
sim_limit: 500 
num_simulations: 3 
action_set: 9054ab7f-954f-403a-aceb-b5097d0b3e90 
opponent_ai: Toothless 
maxHP: 400 
rounds: 1

2022-05-16 21:06:59.347141T- Round 1
2022-05-16 21:06:59.347141T- 
MyHPLost: 358
OppHPLost: 155
HPGap: -203
RoundLength: 59733
RoundWon: False
AvgFramesForAction: 7.30142566191446
        
2022-05-16 21:06:59.347141T- Simulating for 0c48668b-dffb-4337-aa37-cc5738b7ccd2
2022-05-16 21:08:07.539014T- Config Used: 
C: 1.4 
eval: HPDIFF 
sim_limit: 500 
num_simulations: 3 
action_set: 0c48668b-dffb-4337-aa37-cc5738b7ccd2 
opponent_ai: Toothless 
maxHP: 400 
rounds: 1

2022-05-16 21:08:07.539014T- Round 1
2022-05-16 21:08:07.539014T- 
MyHPLost: 398
OppHPLost: 170
HPGap: -228
RoundLength: 59750
RoundWon: False
AvgFramesForAction: 7.48643006263048
        
2022-05-16 21:08:07.539014T- Simulating for 6db6fd69-37c8-4e2f-aca5-cf172f7e6c6f
2022-05-16 21:09:11.270319T- Config Used: 
C: 1.4 
eval: HPDIFF 
sim_limit: 500 
num_simulations: 3 
action_set: 6db6fd69-37c8-4e2f-aca5-cf172f7e6c6f 
opponent_ai: Toothless 
maxHP: 400 
rounds: 1

2022-05-16 21:09:11.270319T- Round 1
2022-05-16 21:09:11.270319T- 
MyHPLost: 396
OppHPLost: 126
HPGap: -270
RoundLength: 55150
RoundWon: False
AvgFramesForAction: 7.992753623188406
        
2022-05-16 21:09:11.270319T- Simulating for 9171c3de-1fdf-4ac4-bd24-30a25d7f0b20
2022-05-16 21:10:17.490278T- Config Used: 
C: 1.4 
eval: HPDIFF 
sim_limit: 500 
num_simulations: 3 
action_set: 9171c3de-1fdf-4ac4-bd24-30a25d7f0b20 
opponent_ai: Toothless 
maxHP: 400 
rounds: 1

2022-05-16 21:10:17.490278T- Round 1
2022-05-16 21:10:17.490278T- 
MyHPLost: 390
OppHPLost: 84
HPGap: -306
RoundLength: 57533
RoundWon: False
AvgFramesForAction: 7.972286374133949
        
2022-05-16 21:10:17.490278T- Simulating for ec100bae-ab55-403b-80bd-c5535687c2e6
2022-05-16 21:11:10.158867T- Config Used: 
C: 1.4 
eval: HPDIFF 
sim_limit: 500 
num_simulations: 3 
action_set: ec100bae-ab55-403b-80bd-c5535687c2e6 
opponent_ai: Toothless 
maxHP: 400 
rounds: 1

2022-05-16 21:11:10.158867T- Round 1
2022-05-16 21:11:10.158867T- 
MyHPLost: 394
OppHPLost: 117
HPGap: -277
RoundLength: 45033
RoundWon: False
AvgFramesForAction: 7.1861702127659575
        
2022-05-16 21:11:10.158867T- Simulating for 771fcaf6-dc65-453b-bfc3-766d4f3b5854
2022-05-16 21:11:59.628461T- Config Used: 
C: 1.4 
eval: HPDIFF 
sim_limit: 500 
num_simulations: 3 
action_set: 771fcaf6-dc65-453b-bfc3-766d4f3b5854 
opponent_ai: Toothless 
maxHP: 400 
rounds: 1

2022-05-16 21:11:59.628461T- Round 1
2022-05-16 21:11:59.628461T- 
MyHPLost: 394
OppHPLost: 50
HPGap: -344
RoundLength: 41050
RoundWon: False
AvgFramesForAction: 7.625386996904025
        
2022-05-16 21:11:59.628461T- Simulating for fc90f278-b13f-445d-a7b8-7d884b1dccc7
2022-05-16 21:12:58.113523T- Config Used: 
C: 1.4 
eval: HPDIFF 
sim_limit: 500 
num_simulations: 3 
action_set: fc90f278-b13f-445d-a7b8-7d884b1dccc7 
opponent_ai: Toothless 
maxHP: 400 
rounds: 1

2022-05-16 21:12:58.113523T- Round 1
2022-05-16 21:12:58.113523T- 
MyHPLost: 392
OppHPLost: 48
HPGap: -344
RoundLength: 49533
RoundWon: False
AvgFramesForAction: 7.71948051948052
        
2022-05-16 21:12:58.113523T- Simulating for e85be967-965d-403b-a020-b1729b2ebe01
2022-05-16 21:14:05.929508T- Config Used: 
C: 1.4 
eval: HPDIFF 
sim_limit: 500 
num_simulations: 3 
action_set: e85be967-965d-403b-a020-b1729b2ebe01 
opponent_ai: Toothless 
maxHP: 400 
rounds: 1

2022-05-16 21:14:05.929508T- Round 1
2022-05-16 21:14:05.929508T- 
MyHPLost: 340
OppHPLost: 124
HPGap: -216
RoundLength: 59666
RoundWon: False
AvgFramesForAction: 8.325581395348838
        
2022-05-16 21:14:05.929508T- Simulating for 5fff7bd5-325d-415b-a984-0cba3f83ccd5
2022-05-16 21:14:59.019102T- Config Used: 
C: 1.4 
eval: HPDIFF 
sim_limit: 500 
num_simulations: 3 
action_set: 5fff7bd5-325d-415b-a984-0cba3f83ccd5 
opponent_ai: Toothless 
maxHP: 400 
rounds: 1

2022-05-16 21:14:59.019102T- Round 1
2022-05-16 21:14:59.019102T- 
MyHPLost: 392
OppHPLost: 59
HPGap: -333
RoundLength: 45250
RoundWon: False
AvgFramesForAction: 7.502762430939226
        
2022-05-16 21:14:59.019102T- Simulating for 8cf5058a-58c8-4b07-967a-6f8526302441
2022-05-16 21:16:06.705236T- Config Used: 
C: 1.4 
eval: HPDIFF 
sim_limit: 500 
num_simulations: 3 
action_set: 8cf5058a-58c8-4b07-967a-6f8526302441 
opponent_ai: Toothless 
maxHP: 400 
rounds: 1

2022-05-16 21:16:06.705236T- Round 1
2022-05-16 21:16:06.705236T- 
MyHPLost: 352
OppHPLost: 196
HPGap: -156
RoundLength: 59683
RoundWon: False
AvgFramesForAction: 7.87032967032967
        
2022-05-16 21:16:06.705236T- Simulating for a22f7037-ef8c-4d7d-a9e0-b614971da46a
2022-05-16 21:16:57.576380T- Config Used: 
C: 1.4 
eval: HPDIFF 
sim_limit: 500 
num_simulations: 3 
action_set: a22f7037-ef8c-4d7d-a9e0-b614971da46a 
opponent_ai: Toothless 
maxHP: 400 
rounds: 1

2022-05-16 21:16:57.576380T- Round 1
2022-05-16 21:16:57.576380T- 
MyHPLost: 396
OppHPLost: 115
HPGap: -281
RoundLength: 43000
RoundWon: False
AvgFramesForAction: 8.246794871794872
        
2022-05-16 21:16:57.576380T- Simulating for 84e1b293-c391-41f4-95ea-513573275dd4
2022-05-16 21:18:05.506308T- Config Used: 
C: 1.4 
eval: HPDIFF 
sim_limit: 500 
num_simulations: 3 
action_set: 84e1b293-c391-41f4-95ea-513573275dd4 
opponent_ai: Toothless 
maxHP: 400 
rounds: 1

2022-05-16 21:18:05.506308T- Round 1
2022-05-16 21:18:05.506308T- 
MyHPLost: 264
OppHPLost: 278
HPGap: 14
RoundLength: 59733
RoundWon: False
AvgFramesForAction: 7.808278867102397
        
2022-05-16 21:18:05.506308T- Simulating for 685aed27-e62c-4fec-802d-081f5a60c58d
2022-05-16 21:19:13.498317T- Config Used: 
C: 1.4 
eval: HPDIFF 
sim_limit: 500 
num_simulations: 3 
action_set: 685aed27-e62c-4fec-802d-081f5a60c58d 
opponent_ai: Toothless 
maxHP: 400 
rounds: 1

2022-05-16 21:19:13.498317T- Round 1
2022-05-16 21:19:13.498317T- 
MyHPLost: 226
OppHPLost: 104
HPGap: -122
RoundLength: 59750
RoundWon: False
AvgFramesForAction: 7.5974576271186445
        
2022-05-16 21:19:13.498317T- Simulating for 89f4b7c8-9f04-42dc-80d6-1a7d012da535
2022-05-16 21:20:03.804968T- Config Used: 
C: 1.4 
eval: HPDIFF 
sim_limit: 500 
num_simulations: 3 
action_set: 89f4b7c8-9f04-42dc-80d6-1a7d012da535 
opponent_ai: Toothless 
maxHP: 400 
rounds: 1

2022-05-16 21:20:03.804968T- Round 1
2022-05-16 21:20:03.804968T- 
MyHPLost: 389
OppHPLost: 18
HPGap: -371
RoundLength: 42383
RoundWon: False
AvgFramesForAction: 7.876160990712075
        
2022-05-16 21:20:03.804968T- Simulating for 0d310d8d-3222-4049-b2ae-1dc9adddffd6
2022-05-16 21:21:01.008282T- Config Used: 
C: 1.4 
eval: HPDIFF 
sim_limit: 500 
num_simulations: 3 
action_set: 0d310d8d-3222-4049-b2ae-1dc9adddffd6 
opponent_ai: Toothless 
maxHP: 400 
rounds: 1

2022-05-16 21:21:01.008282T- Round 1
2022-05-16 21:21:01.008282T- 
MyHPLost: 395
OppHPLost: 74
HPGap: -321
RoundLength: 48000
RoundWon: False
AvgFramesForAction: 7.662234042553192
        
2022-05-16 21:21:01.008282T- Simulating for 508b75f3-65db-4f48-a9dd-062a90940744
2022-05-16 21:21:53.438101T- Config Used: 
C: 1.4 
eval: HPDIFF 
sim_limit: 500 
num_simulations: 3 
action_set: 508b75f3-65db-4f48-a9dd-062a90940744 
opponent_ai: Toothless 
maxHP: 400 
rounds: 1

2022-05-16 21:21:53.438101T- Round 1
2022-05-16 21:21:53.438101T- 
MyHPLost: 388
OppHPLost: 134
HPGap: -254
RoundLength: 44183
RoundWon: False
AvgFramesForAction: 8.009063444108762
        
2022-05-16 21:21:53.438101T- Simulating for 783f8bd2-a2f2-49eb-9c06-936e59f0fbd9
2022-05-16 21:23:02.114295T- Config Used: 
C: 1.4 
eval: HPDIFF 
sim_limit: 500 
num_simulations: 3 
action_set: 783f8bd2-a2f2-49eb-9c06-936e59f0fbd9 
opponent_ai: Toothless 
maxHP: 400 
rounds: 1

2022-05-16 21:23:02.114295T- Round 1
2022-05-16 21:23:02.114295T- 
MyHPLost: 296
OppHPLost: 239
HPGap: -57
RoundLength: 59750
RoundWon: False
AvgFramesForAction: 7.484342379958246
        
2022-05-16 21:23:02.114295T- Selection begin
2022-05-16 21:23:02.114295T- Ranking
2022-05-16 21:23:02.114295T- ID: 84e1b293-c391-41f4-95ea-513573275dd4 Fitness Level: 14
2022-05-16 21:23:02.114295T- ID: ce786a31-00e2-4e46-8aff-85130a6513fa Fitness Level: -13
2022-05-16 21:23:02.114295T- ID: 783f8bd2-a2f2-49eb-9c06-936e59f0fbd9 Fitness Level: -57
2022-05-16 21:23:02.114295T- ID: 685aed27-e62c-4fec-802d-081f5a60c58d Fitness Level: -122
2022-05-16 21:23:02.114295T- ID: 8cf5058a-58c8-4b07-967a-6f8526302441 Fitness Level: -156
2022-05-16 21:23:02.114295T- ID: 9054ab7f-954f-403a-aceb-b5097d0b3e90 Fitness Level: -203
2022-05-16 21:23:02.114295T- ID: e85be967-965d-403b-a020-b1729b2ebe01 Fitness Level: -216
2022-05-16 21:23:02.114295T- ID: d0323899-c442-4341-8f2a-ef0c8f0a4d9e Fitness Level: -222
2022-05-16 21:23:02.114295T- ID: ae36e62c-a67f-4c25-b670-bab0a4240984 Fitness Level: -226
2022-05-16 21:23:02.114295T- ID: 0c48668b-dffb-4337-aa37-cc5738b7ccd2 Fitness Level: -228
2022-05-16 21:23:02.114295T- ID: 508b75f3-65db-4f48-a9dd-062a90940744 Fitness Level: -254
2022-05-16 21:23:02.114295T- ID: 6db6fd69-37c8-4e2f-aca5-cf172f7e6c6f Fitness Level: -270
2022-05-16 21:23:02.114295T- ID: ec100bae-ab55-403b-80bd-c5535687c2e6 Fitness Level: -277
2022-05-16 21:23:02.114295T- ID: a22f7037-ef8c-4d7d-a9e0-b614971da46a Fitness Level: -281
2022-05-16 21:23:02.114295T- ID: 9171c3de-1fdf-4ac4-bd24-30a25d7f0b20 Fitness Level: -306
2022-05-16 21:23:02.115300T- ID: 0d310d8d-3222-4049-b2ae-1dc9adddffd6 Fitness Level: -321
2022-05-16 21:23:02.115300T- ID: 5fff7bd5-325d-415b-a984-0cba3f83ccd5 Fitness Level: -333
2022-05-16 21:23:02.115300T- ID: 771fcaf6-dc65-453b-bfc3-766d4f3b5854 Fitness Level: -344
2022-05-16 21:23:02.115300T- ID: fc90f278-b13f-445d-a7b8-7d884b1dccc7 Fitness Level: -344
2022-05-16 21:23:02.115300T- ID: 89f4b7c8-9f04-42dc-80d6-1a7d012da535 Fitness Level: -371
2022-05-16 21:23:02.115300T- Selecting top 6
2022-05-16 21:23:02.115300T- Running simulations for Generation 1
2022-05-16 21:23:02.115300T- Population of Gen 1
2022-05-16 21:23:02.115300T- 
ID: 8ab9c0de-49b7-4e32-bec9-7fd213481390 actions: BACK_JUMP,DASH,BACK_STEP,AIR_D_DF_FA,BACK_STEP,AIR_GUARD,STAND_FA,STAND_D_DF_FC,AIR_UB,AIR_UA
ID: c19c2a70-571f-40e3-86c7-dde2c1eb0c3b actions: STAND_FA,AIR_FB,STAND_F_D_DFB,AIR_GUARD,STAND_A,AIR_A,STAND_D_DF_FC,JUMP,AIR_UB,AIR_DB
ID: 4e9411f0-de73-4e86-a15d-e4e7fc4ac93f actions: AIR_FB,AIR_UA,BACK_JUMP,AIR_DA,JUMP,AIR_FA,AIR_GUARD,AIR_DA,BACK_STEP,DASH
ID: dac35156-78a1-4149-9a0d-862bfbbc4bab actions: AIR_FA,DASH,BACK_STEP,AIR_GUARD,DASH,AIR_FB,AIR_GUARD,AIR_A,AIR_D_DB_BB,BACK_JUMP
ID: fa8228ec-33d9-4bde-853d-102d6a350924 actions: AIR_D_DF_FA,DASH,AIR_DB,CROUCH_FB,AIR_DA,CROUCH,AIR_F_D_DFA,AIR_UA,AIR_D_DF_FA,AIR_GUARD
ID: 2b4fde7d-b6e3-4ece-8a12-b830b6dcdaff actions: AIR_DA,CROUCH_FB,AIR_GUARD,AIR_UB,AIR_F_D_DFB,CROUCH_FB,JUMP,BACK_JUMP,CROUCH,AIR_FB
ID: 5755f905-e947-4f03-8b83-8c74b7198dcf actions: AIR_UB,AIR_D_DB_BB,BACK_STEP,DASH,CROUCH,AIR_GUARD,AIR_DA,STAND_D_DF_FC,AIR_A,DASH
ID: 43de0655-3239-40de-b450-27b41b961f4b actions: AIR_D_DF_FA,AIR_UB,BACK_STEP,AIR_FB,AIR_GUARD,AIR_GUARD,AIR_D_DF_FA,AIR_DA,AIR_GUARD,BACK_JUMP
ID: e23bebc5-131f-43cc-b766-77f95431b82e actions: CROUCH,CROUCH,AIR_FB,AIR_F_D_DFB,AIR_D_DF_FA,STAND_F_D_DFA,BACK_JUMP,AIR_D_DF_FA,DASH,AIR_FB
ID: 45b6c764-e169-4503-bee4-7274b3976632 actions: AIR_A,CROUCH_FB,CROUCH_FB,AIR_GUARD,STAND_FA,DASH,DASH,STAND_GUARD,AIR_DA,DASH
ID: fb83d4f4-f3b5-44ff-b96c-de4aa0786aba actions: AIR_F_D_DFB,AIR_DB,AIR_D_DF_FA,CROUCH_FB,AIR_FB,AIR_GUARD,AIR_UB,CROUCH,AIR_FB,JUMP
ID: 11100f3d-afb8-40a6-9b2b-5550a9295c24 actions: DASH,STAND_FA,BACK_STEP,AIR_F_D_DFB,AIR_UB,BACK_STEP,AIR_FA,FORWARD_WALK,AIR_D_DF_FA,BACK_JUMP
ID: 64134df8-d932-4f5c-8258-84b2bc9a735f actions: AIR_D_DF_FA,BACK_STEP,AIR_FB,AIR_DB,AIR_FA,JUMP,AIR_FB,CROUCH,AIR_F_D_DFB,AIR_F_D_DFB
ID: c6a0afae-b82b-4546-a9b5-9e45ed20fe5a actions: AIR_FB,CROUCH,AIR_GUARD,STAND_GUARD,STAND_D_DF_FC,BACK_STEP,STAND_F_D_DFA,DASH,CROUCH,AIR_FB
ID: 435f72e1-6c56-4e42-bcc3-f222f207f6ba actions: JUMP,CROUCH,AIR_GUARD,AIR_A,AIR_D_DB_BB,DASH,FORWARD_WALK,AIR_DB,AIR_D_DF_FA,STAND_A
ID: 3d7dd2cd-bc43-4d99-8f20-7f9548eb0ba0 actions: AIR_A,STAND_FA,AIR_FB,STAND_F_D_DFB,BACK_STEP,AIR_D_DF_FA,DASH,STAND_D_DB_BB,STAND_D_DF_FC,FORWARD_WALK
ID: a585c85f-7ef4-40bd-a97f-987f6942b0f0 actions: AIR_A,AIR_GUARD,AIR_FA,AIR_F_D_DFB,AIR_FB,AIR_FB,AIR_GUARD,AIR_FB,STAND_D_DB_BB,AIR_DA
ID: 6fa2af71-80eb-4c8a-95c9-f96cdfcada65 actions: AIR_DB,STAND_D_DB_BB,AIR_F_D_DFB,AIR_DB,AIR_FB,JUMP,AIR_UB,AIR_D_DB_BB,AIR_A,DASH
ID: 1e7895db-f65b-463b-b3de-39c8e84150a5 actions: AIR_UB,AIR_UA,BACK_STEP,AIR_FA,BACK_JUMP,BACK_JUMP,DASH,AIR_D_DB_BB,AIR_D_DF_FA,AIR_FB
ID: ca7edabb-41b9-4f7b-b30b-b1fb9042d988 actions: CROUCH_FB,AIR_F_D_DFB,AIR_FB,CROUCH_FB,AIR_FB,STAND_A,AIR_DB,AIR_FB,CROUCH_FB,STAND_FA

2022-05-16 21:23:02.115300T- Simulating for 8ab9c0de-49b7-4e32-bec9-7fd213481390
2022-05-16 21:23:59.243502T- Config Used: 
C: 1.4 
eval: HPDIFF 
sim_limit: 500 
num_simulations: 3 
action_set: 8ab9c0de-49b7-4e32-bec9-7fd213481390 
opponent_ai: Toothless 
maxHP: 400 
rounds: 1

2022-05-16 21:23:59.243502T- Round 1
2022-05-16 21:23:59.243502T- 
MyHPLost: 394
OppHPLost: 38
HPGap: -356
RoundLength: 47783
RoundWon: False
AvgFramesForAction: 8.334302325581396
        
2022-05-16 21:23:59.243502T- Simulating for c19c2a70-571f-40e3-86c7-dde2c1eb0c3b
